npm verb cli C:\Program Files\nodejs\node.exe C:\Program Files\nodejs\node_modules\npm\bin\npm-cli.js
npm info using npm@10.5.0
npm info using node@v20.12.1
npm verb title npm install
npm verb argv "install" "--legacy-peer-deps" "--loglevel" "verbose"
npm verb logfile logs-max:10 dir:C:\Users\danid\AppData\Local\npm-cache\_logs\2024-08-13T17_08_04_155Z-
npm verb logfile C:\Users\danid\AppData\Local\npm-cache\_logs\2024-08-13T17_08_04_155Z-debug-0.log
npm http fetch GET 200 https://registry.npmjs.org/@faker-js%2ffaker 21ms (cache hit)
npm http fetch GET 200 https://registry.npmjs.org/cypress-mochawesome-reporter 8ms (cache hit)
npm http fetch GET 200 https://registry.npmjs.org/browserstack-cypress-cli 215ms (cache revalidated)
npm http fetch GET 200 https://registry.npmjs.org/cypress 11ms (cache hit)
npm http fetch GET 200 https://registry.npmjs.org/gitconfiglocal 132ms (cache revalidated)
npm http fetch GET 200 https://registry.npmjs.org/git-last-commit 150ms (cache revalidated)
npm http fetch GET 200 https://registry.npmjs.org/browserstack-local 173ms (cache revalidated)
npm http fetch GET 200 https://registry.npmjs.org/archiver 179ms (cache revalidated)
npm http fetch GET 200 https://registry.npmjs.org/getmac 186ms (cache revalidated)
npm http fetch GET 200 https://registry.npmjs.org/fs-extra 227ms (cache revalidated)
npm http fetch GET 200 https://registry.npmjs.org/chalk 234ms (cache revalidated)
npm http fetch GET 200 https://registry.npmjs.org/async 238ms (cache revalidated)
npm http fetch GET 200 https://registry.npmjs.org/cli-progress 243ms (cache revalidated)
npm http fetch GET 200 https://registry.npmjs.org/mocha 109ms (cache revalidated)
npm http fetch GET 200 https://registry.npmjs.org/mkdirp 133ms (cache revalidated)
npm http fetch GET 200 https://registry.npmjs.org/requestretry 141ms (cache revalidated)
npm http fetch GET 200 https://registry.npmjs.org/request 184ms (cache revalidated)
npm http fetch GET 200 https://registry.npmjs.org/update-notifier 137ms (cache revalidated)
npm http fetch GET 200 https://registry.npmjs.org/uuid 136ms (cache revalidated)
npm http fetch GET 200 https://registry.npmjs.org/windows-release 140ms (cache revalidated)
npm http fetch GET 200 https://registry.npmjs.org/yargs 97ms (cache revalidated)
npm http fetch GET 200 https://registry.npmjs.org/table 181ms (cache revalidated)
npm http fetch GET 200 https://registry.npmjs.org/glob 421ms (cache revalidated)
npm http fetch GET 200 https://registry.npmjs.org/node-ipc 258ms (cache revalidated)
npm http fetch GET 200 https://registry.npmjs.org/decompress 121ms (cache revalidated)
npm http fetch GET 200 https://registry.npmjs.org/arch 106ms (cache revalidated)
npm http fetch GET 200 https://registry.npmjs.org/debug 107ms (cache revalidated)
npm http fetch GET 200 https://registry.npmjs.org/tmp 131ms (cache revalidated)
npm http fetch GET 200 https://registry.npmjs.org/execa 96ms (cache revalidated)
npm http fetch GET 200 https://registry.npmjs.org/getos 98ms (cache revalidated)
npm http fetch GET 200 https://registry.npmjs.org/is-ci 85ms (cache revalidated)
npm http fetch GET 200 https://registry.npmjs.org/yauzl 86ms (cache revalidated)
npm http fetch GET 200 https://registry.npmjs.org/dayjs 144ms (cache revalidated)
npm http fetch GET 200 https://registry.npmjs.org/buffer 64ms (cache revalidated)
npm http fetch GET 200 https://registry.npmjs.org/lodash 90ms (cache revalidated)
npm http fetch GET 200 https://registry.npmjs.org/listr2 115ms (cache revalidated)
npm http fetch GET 200 https://registry.npmjs.org/ospath 123ms (cache revalidated)
npm http fetch GET 200 https://registry.npmjs.org/bluebird 110ms (cache revalidated)
npm http fetch GET 200 https://registry.npmjs.org/cachedir 111ms (cache revalidated)
npm http fetch GET 200 https://registry.npmjs.org/semver 136ms (cache revalidated)
npm http fetch GET 200 https://registry.npmjs.org/process 132ms (cache revalidated)
npm http fetch GET 200 https://registry.npmjs.org/enquirer 114ms (cache revalidated)
npm http fetch GET 200 https://registry.npmjs.org/figures 152ms (cache revalidated)
npm http fetch GET 200 https://registry.npmjs.org/commander 92ms (cache revalidated)
npm http fetch GET 200 https://registry.npmjs.org/lazy-ass 156ms (cache revalidated)
npm http fetch GET 200 https://registry.npmjs.org/blob-util 125ms (cache revalidated)
npm http fetch GET 200 https://registry.npmjs.org/cli-table3 107ms (cache revalidated)
npm http fetch GET 200 https://registry.npmjs.org/minimist 151ms (cache revalidated)
npm http fetch GET 200 https://registry.npmjs.org/cli-cursor 121ms (cache revalidated)
npm http fetch GET 200 https://registry.npmjs.org/common-tags 103ms (cache revalidated)
npm http fetch GET 200 https://registry.npmjs.org/executable 130ms (cache revalidated)
npm http fetch GET 200 https://registry.npmjs.org/untildify 142ms (cache revalidated)
npm http fetch GET 200 https://registry.npmjs.org/git-repo-info 789ms (cache revalidated)
npm http fetch GET 200 https://registry.npmjs.org/extract-zip 112ms (cache revalidated)
npm http fetch GET 200 https://registry.npmjs.org/pretty-bytes 107ms (cache revalidated)
npm http fetch GET 200 https://registry.npmjs.org/supports-color 92ms (cache revalidated)
npm http fetch GET 200 https://registry.npmjs.org/proxy-from-env 107ms (cache revalidated)
npm http fetch GET 200 https://registry.npmjs.org/log-symbols 133ms (cache revalidated)
npm http fetch GET 200 https://registry.npmjs.org/check-more-types 89ms (cache revalidated)
npm http fetch GET 200 https://registry.npmjs.org/eventemitter2 130ms (cache revalidated)
npm http fetch GET 200 https://registry.npmjs.org/@types%2fsizzle 148ms (cache revalidated)
npm http fetch GET 200 https://registry.npmjs.org/request-progress 68ms (cache revalidated)
npm http fetch GET 200 https://registry.npmjs.org/@cypress%2fxvfb 169ms (cache revalidated)
npm http fetch GET 200 https://registry.npmjs.org/@cypress%2frequest 143ms (cache revalidated)
npm http fetch GET 200 https://registry.npmjs.org/is-installed-globally 70ms (cache revalidated)
npm http fetch GET 200 https://registry.npmjs.org/@types%2fsinonjs__fake-timers 97ms (cache revalidated)
npm http fetch GET 200 https://registry.npmjs.org/mochawesome-merge 97ms (cache revalidated)
npm http fetch GET 200 https://registry.npmjs.org/mochawesome-report-generator 88ms (cache revalidated)
npm http fetch GET 200 https://registry.npmjs.org/mochawesome 112ms (cache revalidated)
npm http fetch GET 200 https://registry.npmjs.org/winston 796ms (cache revalidated)
npm http fetch GET 200 https://registry.npmjs.org/tar-stream 117ms (cache revalidated)
npm http fetch GET 200 https://registry.npmjs.org/zip-stream 122ms (cache revalidated)
npm http fetch GET 200 https://registry.npmjs.org/is-running 125ms (cache revalidated)
npm http fetch GET 200 https://registry.npmjs.org/readdir-glob 130ms (cache revalidated)
npm http fetch GET 200 https://registry.npmjs.org/readable-stream 138ms (cache revalidated)
npm http fetch GET 200 https://registry.npmjs.org/archiver-utils 145ms (cache revalidated)
npm http fetch GET 200 https://registry.npmjs.org/agent-base 136ms (cache revalidated)
npm http fetch GET 200 https://registry.npmjs.org/buffer-crc32 152ms (cache revalidated)
npm http fetch GET 200 https://registry.npmjs.org/temp-fs 150ms (cache revalidated)
npm http fetch GET 200 https://registry.npmjs.org/https-proxy-agent 163ms (cache revalidated)
npm http fetch GET 200 https://registry.npmjs.org/ps-tree 165ms (cache revalidated)
npm http fetch GET 200 https://registry.npmjs.org/ansi-styles 94ms (cache revalidated)
npm http fetch GET 200 https://registry.npmjs.org/string-width 92ms (cache revalidated)
npm http fetch GET 200 https://registry.npmjs.org/decompress-tar 99ms (cache revalidated)
npm http fetch GET 200 https://registry.npmjs.org/decompress-targz 97ms (cache revalidated)
npm http fetch GET 200 https://registry.npmjs.org/make-dir 93ms (cache revalidated)
npm http fetch GET 200 https://registry.npmjs.org/graceful-fs 83ms (cache revalidated)
npm http fetch GET 200 https://registry.npmjs.org/pify 103ms (cache revalidated)
npm http fetch GET 200 https://registry.npmjs.org/decompress-unzip 115ms (cache revalidated)
npm http fetch GET 200 https://registry.npmjs.org/strip-dirs 97ms (cache revalidated)
npm http fetch GET 200 https://registry.npmjs.org/graceful-fs 122ms (cache revalidated)
npm http fetch GET 200 https://registry.npmjs.org/decompress-tarbz2 156ms (cache revalidated)
npm http fetch GET 200 https://registry.npmjs.org/jsonfile 84ms (cache revalidated)
npm http fetch GET 200 https://registry.npmjs.org/universalify 88ms (cache revalidated)
npm http fetch GET 200 https://registry.npmjs.org/ini 70ms (cache revalidated)
npm http fetch GET 200 https://registry.npmjs.org/once 75ms (cache revalidated)
npm http fetch GET 200 https://registry.npmjs.org/inherits 68ms (cache revalidated)
npm http fetch GET 200 https://registry.npmjs.org/inflight 75ms (cache revalidated)
npm http fetch GET 200 https://registry.npmjs.org/@types%2fnode 123ms (cache revalidated)
npm http fetch GET 200 https://registry.npmjs.org/path-is-absolute 200ms (cache revalidated)
npm http fetch GET 200 https://registry.npmjs.org/minimatch 218ms (cache revalidated)
npm http fetch GET 200 https://registry.npmjs.org/fs.realpath 223ms (cache revalidated)
npm http fetch GET 200 https://registry.npmjs.org/ansi-colors 202ms (cache revalidated)
npm http fetch GET 200 https://registry.npmjs.org/browser-stdout 189ms (cache revalidated)
npm http fetch GET 200 https://registry.npmjs.org/chokidar 189ms (cache revalidated)
npm http fetch GET 200 https://registry.npmjs.org/minimatch 45ms (cache hit)
npm http fetch GET 200 https://registry.npmjs.org/diff 220ms (cache revalidated)
npm http fetch GET 200 https://registry.npmjs.org/escape-string-regexp 223ms (cache revalidated)
npm http fetch GET 200 https://registry.npmjs.org/find-up 228ms (cache revalidated)
npm http fetch GET 200 https://registry.npmjs.org/js-yaml 97ms (cache revalidated)
npm http fetch GET 200 https://registry.npmjs.org/he 234ms (cache revalidated)
npm http fetch GET 200 https://registry.npmjs.org/workerpool 76ms (cache revalidated)
npm http fetch GET 200 https://registry.npmjs.org/yargs-parser 79ms (cache revalidated)
npm http fetch GET 200 https://registry.npmjs.org/ms 110ms (cache revalidated)
npm http fetch GET 200 https://registry.npmjs.org/strip-json-comments 108ms (cache revalidated)
npm http fetch GET 200 https://registry.npmjs.org/serialize-javascript 116ms (cache revalidated)
npm http fetch GET 200 https://registry.npmjs.org/yargs-unparser 85ms (cache revalidated)
npm http fetch GET 200 https://registry.npmjs.org/qs 81ms (cache revalidated)
npm http fetch GET 200 https://registry.npmjs.org/aws4 85ms (cache revalidated)
npm http fetch GET 200 https://registry.npmjs.org/isstream 72ms (cache revalidated)
npm http fetch GET 200 https://registry.npmjs.org/aws-sign2 70ms (cache revalidated)
npm http fetch GET 200 https://registry.npmjs.org/form-data 68ms (cache revalidated)
npm http fetch GET 200 https://registry.npmjs.org/mime-types 70ms (cache revalidated)
npm http fetch GET 200 https://registry.npmjs.org/extend 107ms (cache revalidated)
npm http fetch GET 200 https://registry.npmjs.org/caseless 100ms (cache revalidated)
npm http fetch GET 200 https://registry.npmjs.org/event-pubsub 133ms (cache revalidated)
npm http fetch GET 200 https://registry.npmjs.org/oauth-sign 52ms (cache revalidated)
npm http fetch GET 200 https://registry.npmjs.org/safe-buffer 74ms (cache revalidated)
npm http fetch GET 200 https://registry.npmjs.org/tough-cookie 73ms (cache revalidated)
npm http fetch GET 200 https://registry.npmjs.org/http-signature 64ms (cache revalidated)
npm http fetch GET 200 https://registry.npmjs.org/forever-agent 77ms (cache revalidated)
npm http fetch GET 200 https://registry.npmjs.org/combined-stream 75ms (cache revalidated)
npm http fetch GET 200 https://registry.npmjs.org/performance-now 71ms (cache revalidated)
npm http fetch GET 200 https://registry.npmjs.org/tunnel-agent 99ms (cache revalidated)
npm http fetch GET 200 https://registry.npmjs.org/is-typedarray 89ms (cache revalidated)
npm http fetch GET 200 https://registry.npmjs.org/json-stringify-safe 64ms (cache revalidated)
npm http fetch GET 200 https://registry.npmjs.org/ajv 75ms (cache revalidated)
npm http fetch GET 200 https://registry.npmjs.org/pupa 82ms (cache revalidated)
npm http fetch GET 200 https://registry.npmjs.org/is-npm 69ms (cache revalidated)
npm http fetch GET 200 https://registry.npmjs.org/is-in-ci 73ms (cache revalidated)
npm http fetch GET 200 https://registry.npmjs.org/configstore 75ms (cache revalidated)
npm http fetch GET 200 https://registry.npmjs.org/slice-ansi 106ms (cache revalidated)
npm http fetch GET 200 https://registry.npmjs.org/import-lazy 69ms (cache revalidated)
npm http fetch GET 200 https://registry.npmjs.org/boxen 103ms (cache revalidated)
npm http fetch GET 200 https://registry.npmjs.org/semver-diff 73ms (cache revalidated)
npm http fetch GET 200 https://registry.npmjs.org/xdg-basedir 73ms (cache revalidated)
npm http fetch GET 200 https://registry.npmjs.org/latest-version 76ms (cache revalidated)
npm http fetch GET 200 https://registry.npmjs.org/eyes 71ms (cache revalidated)
npm http fetch GET 200 https://registry.npmjs.org/cycle 81ms (cache revalidated)
npm http fetch GET 200 https://registry.npmjs.org/colors 77ms (cache revalidated)
npm http fetch GET 200 https://registry.npmjs.org/y18n 71ms (cache revalidated)
npm http fetch GET 200 https://registry.npmjs.org/stack-trace 84ms (cache revalidated)
npm http fetch GET 200 https://registry.npmjs.org/cliui 57ms (cache revalidated)
npm http fetch GET 200 https://registry.npmjs.org/decamelize 72ms (cache revalidated)
npm http fetch GET 200 https://registry.npmjs.org/which-module 70ms (cache revalidated)
npm http fetch GET 200 https://registry.npmjs.org/require-directory 50ms (cache revalidated)
npm http fetch GET 200 https://registry.npmjs.org/set-blocking 75ms (cache revalidated)
npm http fetch GET 200 https://registry.npmjs.org/get-caller-file 61ms (cache revalidated)
npm http fetch GET 200 https://registry.npmjs.org/require-main-filename 85ms (cache revalidated)
npm http fetch GET 200 https://registry.npmjs.org/js-message 635ms (cache revalidated)
npm http fetch GET 200 https://registry.npmjs.org/js-queue 670ms (cache revalidated)
npm http fetch GET 200 https://registry.npmjs.org/har-validator 687ms (cache revalidated)
npm http fetch GET 200 https://registry.npmjs.org/bl 58ms (cache revalidated)
npm http fetch GET 200 https://registry.npmjs.org/util-deprecate 72ms (cache revalidated)
npm http fetch GET 200 https://registry.npmjs.org/string_decoder 77ms (cache revalidated)
npm http fetch GET 200 https://registry.npmjs.org/lazystream 86ms (cache revalidated)
npm http fetch GET 200 https://registry.npmjs.org/lodash.isplainobject 85ms (cache revalidated)
npm http fetch GET 200 https://registry.npmjs.org/normalize-path 84ms (cache revalidated)
npm http fetch GET 200 https://registry.npmjs.org/lodash.difference 89ms (cache revalidated)
npm http fetch GET 200 https://registry.npmjs.org/lodash.union 89ms (cache revalidated)
npm http fetch GET 200 https://registry.npmjs.org/end-of-stream 80ms (cache revalidated)
npm http fetch GET 200 https://registry.npmjs.org/lodash.flatten 94ms (cache revalidated)
npm http fetch GET 200 https://registry.npmjs.org/compress-commons 57ms (cache revalidated)
npm http fetch GET 200 https://registry.npmjs.org/fs-constants 74ms (cache revalidated)
npm http fetch GET 200 https://registry.npmjs.org/lodash.defaults 331ms (cache revalidated)
npm http fetch GET 200 https://registry.npmjs.org/core-util-is 66ms (cache revalidated)
npm http fetch GET 200 https://registry.npmjs.org/isarray 65ms (cache revalidated)
npm http fetch GET 200 https://registry.npmjs.org/process-nextick-args 67ms (cache revalidated)
npm http fetch GET 200 https://registry.npmjs.org/event-stream 54ms (cache revalidated)
npm http fetch GET 200 https://registry.npmjs.org/rimraf 70ms (cache revalidated)
npm http fetch GET 200 https://registry.npmjs.org/color-convert 58ms (cache revalidated)
npm http fetch GET 200 https://registry.npmjs.org/has-flag 73ms (cache revalidated)
npm http fetch GET 200 https://registry.npmjs.org/color-name 48ms (cache revalidated)
npm http fetch GET 200 https://registry.npmjs.org/strip-ansi 58ms (cache revalidated)
npm http fetch GET 200 https://registry.npmjs.org/is-fullwidth-code-point 61ms (cache revalidated)
npm http fetch GET 200 https://registry.npmjs.org/emoji-regex 83ms (cache revalidated)
npm http fetch GET 200 https://registry.npmjs.org/ieee754 74ms (cache revalidated)
npm http fetch GET 200 https://registry.npmjs.org/get-stream 71ms (cache revalidated)
npm http fetch GET 200 https://registry.npmjs.org/is-stream 83ms (cache revalidated)
npm http fetch GET 200 https://registry.npmjs.org/merge-stream 81ms (cache revalidated)
npm http fetch GET 200 https://registry.npmjs.org/cross-spawn 91ms (cache revalidated)
npm http fetch GET 200 https://registry.npmjs.org/base64-js 108ms (cache revalidated)
npm http fetch GET 200 https://registry.npmjs.org/restore-cursor 108ms (cache revalidated)
npm http fetch GET 200 https://registry.npmjs.org/signal-exit 103ms (cache revalidated)
npm http fetch GET 200 https://registry.npmjs.org/onetime 110ms (cache revalidated)
npm http fetch GET 200 https://registry.npmjs.org/lodash.once 119ms (cache revalidated)
npm http fetch GET 200 https://registry.npmjs.org/@colors%2fcolors 149ms (cache revalidated)
npm http fetch GET 200 https://registry.npmjs.org/npm-run-path 83ms (cache revalidated)
npm http fetch GET 200 https://registry.npmjs.org/human-signals 80ms (cache revalidated)
npm http fetch GET 200 https://registry.npmjs.org/strip-final-newline 80ms (cache revalidated)
npm http fetch GET 200 https://registry.npmjs.org/ci-info 67ms (cache revalidated)
npm http fetch GET 200 https://registry.npmjs.org/is-path-inside 81ms (cache revalidated)
npm http fetch GET 200 https://registry.npmjs.org/at-least-node 94ms (cache revalidated)
npm http fetch GET 200 https://registry.npmjs.org/rfdc 82ms (cache revalidated)
npm http fetch GET 200 https://registry.npmjs.org/@types%2fyauzl 112ms (cache revalidated)
npm http fetch GET 200 https://registry.npmjs.org/rxjs 95ms (cache revalidated)
npm http fetch GET 200 https://registry.npmjs.org/global-dirs 115ms (cache revalidated)
npm http fetch GET 200 https://registry.npmjs.org/p-map 77ms (cache revalidated)
npm http fetch GET 200 https://registry.npmjs.org/through 73ms (cache revalidated)
npm http fetch GET 200 https://registry.npmjs.org/colorette 70ms (cache revalidated)
npm http fetch GET 200 https://registry.npmjs.org/wrap-ansi 71ms (cache revalidated)
npm http fetch GET 200 https://registry.npmjs.org/throttleit 85ms (cache revalidated)
npm http fetch GET 200 https://registry.npmjs.org/log-update 111ms (cache revalidated)
npm http fetch GET 200 https://registry.npmjs.org/fd-slicer 84ms (cache revalidated)
npm http fetch GET 200 https://registry.npmjs.org/is-unicode-supported 100ms (cache revalidated)
npm http fetch GET 200 https://registry.npmjs.org/cli-truncate 103ms (cache revalidated)
npm http fetch GET 200 https://registry.npmjs.org/asynckit 130ms (cache revalidated)
npm http fetch GET 200 https://registry.npmjs.org/delayed-stream 138ms (cache revalidated)
npm http fetch GET 200 https://registry.npmjs.org/sshpk 135ms (cache revalidated)
npm http fetch GET 200 https://registry.npmjs.org/jsprim 142ms (cache revalidated)
npm http fetch GET 200 https://registry.npmjs.org/url-parse 140ms (cache revalidated)
npm http fetch GET 200 https://registry.npmjs.org/mime-db 147ms (cache revalidated)
npm http fetch GET 200 https://registry.npmjs.org/psl 148ms (cache revalidated)
npm http fetch GET 200 https://registry.npmjs.org/assert-plus 160ms (cache revalidated)
npm http fetch GET 200 https://registry.npmjs.org/punycode 155ms (cache revalidated)
npm http fetch GET 200 https://registry.npmjs.org/side-channel 412ms (cache revalidated)
npm http fetch GET 200 https://registry.npmjs.org/lodash.isfunction 90ms (cache revalidated)
npm http fetch GET 200 https://registry.npmjs.org/escape-html 85ms (cache revalidated)
npm http fetch GET 200 https://registry.npmjs.org/lodash.isstring 93ms (cache revalidated)
npm http fetch GET 200 https://registry.npmjs.org/fsu 88ms (cache revalidated)
npm http fetch GET 200 https://registry.npmjs.org/dateformat 93ms (cache revalidated)
npm http fetch GET 200 https://registry.npmjs.org/tcomb 95ms (cache revalidated)
npm http fetch GET 200 https://registry.npmjs.org/lodash.isempty 115ms (cache revalidated)
npm http fetch GET 200 https://registry.npmjs.org/opener 106ms (cache revalidated)
npm http fetch GET 200 https://registry.npmjs.org/prop-types 106ms (cache revalidated)
npm http fetch GET 200 https://registry.npmjs.org/lodash.isobject 120ms (cache revalidated)
npm http fetch GET 200 https://registry.npmjs.org/tcomb-validation 92ms (cache revalidated)
npm http fetch GET 200 https://registry.npmjs.org/validator 103ms (cache revalidated)
npm http fetch GET 200 https://registry.npmjs.org/seek-bzip 75ms (cache revalidated)
npm http fetch GET 200 https://registry.npmjs.org/file-type 79ms (cache revalidated)
npm http fetch GET 200 https://registry.npmjs.org/file-type 85ms (cache revalidated)
npm http fetch GET 200 https://registry.npmjs.org/unbzip2-stream 93ms (cache revalidated)
npm http fetch GET 200 https://registry.npmjs.org/file-type 101ms (cache revalidated)
npm http fetch GET 200 https://registry.npmjs.org/is-natural-number 103ms (cache revalidated)
npm http fetch GET 200 https://registry.npmjs.org/buffer-alloc 67ms (cache revalidated)
npm http fetch GET 200 https://registry.npmjs.org/xtend 66ms (cache revalidated)
npm http fetch GET 200 https://registry.npmjs.org/to-buffer 69ms (cache revalidated)
npm http fetch GET 200 https://registry.npmjs.org/object-assign 53ms (cache revalidated)
npm http fetch GET 200 https://registry.npmjs.org/pinkie-promise 60ms (cache revalidated)
npm http fetch GET 200 https://registry.npmjs.org/ansi-regex 49ms (cache revalidated)
npm http fetch GET 200 https://registry.npmjs.org/shebang-command 45ms (cache revalidated)
npm http fetch GET 200 https://registry.npmjs.org/path-key 55ms (cache revalidated)
npm http fetch GET 200 https://registry.npmjs.org/pump 65ms (cache revalidated)
npm http fetch GET 200 https://registry.npmjs.org/mimic-fn 68ms (cache revalidated)
npm http fetch GET 200 https://registry.npmjs.org/path-key 76ms (cache revalidated)
npm http fetch GET 200 https://registry.npmjs.org/which 79ms (cache revalidated)
npm http fetch GET 200 https://registry.npmjs.org/isexe 46ms (cache revalidated)
npm http fetch GET 200 https://registry.npmjs.org/shebang-regex 59ms (cache revalidated)
npm http fetch GET 200 https://registry.npmjs.org/undici-types 50ms (cache revalidated)
npm http fetch GET 200 https://registry.npmjs.org/pinkie 74ms (cache revalidated)
npm http fetch GET 200 https://registry.npmjs.org/brace-expansion 50ms (cache revalidated)
npm http fetch GET 200 https://registry.npmjs.org/wrappy 56ms (cache revalidated)
npm http fetch GET 200 https://registry.npmjs.org/extsprintf 59ms (cache revalidated)
npm http fetch GET 200 https://registry.npmjs.org/dashdash 67ms (cache revalidated)
npm http fetch GET 200 https://registry.npmjs.org/ecc-jsbn 75ms (cache revalidated)
npm http fetch GET 200 https://registry.npmjs.org/safer-buffer 79ms (cache revalidated)
npm http fetch GET 200 https://registry.npmjs.org/tweetnacl 79ms (cache revalidated)
npm http fetch GET 200 https://registry.npmjs.org/verror 85ms (cache revalidated)
npm http fetch GET 200 https://registry.npmjs.org/bcrypt-pbkdf 84ms (cache revalidated)
npm http fetch GET 200 https://registry.npmjs.org/asn1 92ms (cache revalidated)
npm http fetch GET 200 https://registry.npmjs.org/json-schema 94ms (cache revalidated)
npm http fetch GET 200 https://registry.npmjs.org/getpass 94ms (cache revalidated)
npm http fetch GET 200 https://registry.npmjs.org/jsbn 103ms (cache revalidated)
npm http fetch GET 200 https://registry.npmjs.org/aggregate-error 61ms (cache revalidated)
npm http fetch GET 200 https://registry.npmjs.org/tslib 61ms (cache revalidated)
npm http fetch GET 200 https://registry.npmjs.org/ansi-escapes 98ms (cache revalidated)
npm http fetch GET 200 https://registry.npmjs.org/astral-regex 60ms (cache revalidated)
npm http fetch GET 200 https://registry.npmjs.org/type-fest 60ms (cache revalidated)
npm http fetch GET 200 https://registry.npmjs.org/balanced-match 60ms (cache revalidated)
npm http fetch GET 200 https://registry.npmjs.org/concat-map 77ms (cache revalidated)
npm http fetch GET 200 https://registry.npmjs.org/braces 70ms (cache revalidated)
npm http fetch GET 200 https://registry.npmjs.org/path-exists 70ms (cache revalidated)
npm http fetch GET 200 https://registry.npmjs.org/readdirp 78ms (cache revalidated)
npm http fetch GET 200 https://registry.npmjs.org/is-binary-path 88ms (cache revalidated)
npm http fetch GET 200 https://registry.npmjs.org/argparse 86ms (cache revalidated)
npm http fetch GET 200 https://registry.npmjs.org/locate-path 89ms (cache revalidated)
npm http fetch GET 200 https://registry.npmjs.org/randombytes 86ms (cache revalidated)
npm http fetch GET 200 https://registry.npmjs.org/anymatch 96ms (cache revalidated)
npm http fetch GET 200 https://registry.npmjs.org/is-glob 96ms (cache revalidated)
npm http fetch GET 200 https://registry.npmjs.org/glob-parent 99ms (cache revalidated)
npm http fetch GET 200 https://registry.npmjs.org/camelcase 70ms (cache revalidated)
npm http fetch GET 200 https://registry.npmjs.org/escalade 77ms (cache revalidated)
npm http fetch GET 200 https://registry.npmjs.org/is-plain-obj 61ms (cache revalidated)
npm http fetch GET 200 https://registry.npmjs.org/flat 78ms (cache revalidated)
npm http fetch GET 200 https://registry.npmjs.org/fsevents 205ms (cache revalidated)
npm http fetch GET 200 https://registry.npmjs.org/picomatch 57ms (cache revalidated)
npm http fetch GET 200 https://registry.npmjs.org/fill-range 64ms (cache revalidated)
npm http fetch GET 200 https://registry.npmjs.org/picomatch 73ms (cache revalidated)
npm http fetch GET 200 https://registry.npmjs.org/is-extglob 74ms (cache revalidated)
npm http fetch GET 200 https://registry.npmjs.org/binary-extensions 76ms (cache revalidated)
npm http fetch GET 200 https://registry.npmjs.org/to-regex-range 83ms (cache revalidated)
npm http fetch GET 200 https://registry.npmjs.org/is-number 54ms (cache revalidated)
npm http fetch GET 200 https://registry.npmjs.org/p-locate 62ms (cache revalidated)
npm http fetch GET 200 https://registry.npmjs.org/p-limit 56ms (cache revalidated)
npm http fetch GET 200 https://registry.npmjs.org/loose-envify 78ms (cache revalidated)
npm http fetch GET 200 https://registry.npmjs.org/react-is 251ms (cache updated)
npm http fetch GET 200 https://registry.npmjs.org/easy-stack 58ms (cache revalidated)
npm http fetch GET 200 https://registry.npmjs.org/yocto-queue 73ms (cache revalidated)
npm http fetch GET 200 https://registry.npmjs.org/indent-string 49ms (cache revalidated)
npm http fetch GET 200 https://registry.npmjs.org/clean-stack 63ms (cache revalidated)
npm http fetch GET 200 https://registry.npmjs.org/js-tokens 65ms (cache revalidated)
npm http fetch GET 200 https://registry.npmjs.org/split 59ms (cache revalidated)
npm http fetch GET 200 https://registry.npmjs.org/duplexer 65ms (cache revalidated)
npm http fetch GET 200 https://registry.npmjs.org/map-stream 69ms (cache revalidated)
npm http fetch GET 200 https://registry.npmjs.org/stream-combiner 68ms (cache revalidated)
npm http fetch GET 200 https://registry.npmjs.org/from 72ms (cache revalidated)
npm http fetch GET 200 https://registry.npmjs.org/pause-stream 72ms (cache revalidated)
npm http fetch GET 200 https://registry.npmjs.org/object-inspect 70ms (cache revalidated)
npm http fetch GET 200 https://registry.npmjs.org/es-errors 78ms (cache revalidated)
npm http fetch GET 200 https://registry.npmjs.org/get-intrinsic 80ms (cache revalidated)
npm http fetch GET 200 https://registry.npmjs.org/call-bind 83ms (cache revalidated)
npm http fetch GET 200 https://registry.npmjs.org/har-schema 74ms (cache revalidated)
npm http fetch GET 200 https://registry.npmjs.org/fast-deep-equal 81ms (cache revalidated)
npm http fetch GET 200 https://registry.npmjs.org/fast-json-stable-stringify 80ms (cache revalidated)
npm http fetch GET 200 https://registry.npmjs.org/json-schema-traverse 86ms (cache revalidated)
npm http fetch GET 200 https://registry.npmjs.org/uri-js 91ms (cache revalidated)
npm http fetch GET 200 https://registry.npmjs.org/function-bind 53ms (cache revalidated)
npm http fetch GET 200 https://registry.npmjs.org/es-define-property 59ms (cache revalidated)
npm http fetch GET 200 https://registry.npmjs.org/hasown 68ms (cache revalidated)
npm http fetch GET 200 https://registry.npmjs.org/set-function-length 71ms (cache revalidated)
npm http fetch GET 200 https://registry.npmjs.org/has-proto 72ms (cache revalidated)
npm http fetch GET 200 https://registry.npmjs.org/has-symbols 78ms (cache revalidated)
npm http fetch GET 200 https://registry.npmjs.org/define-data-property 50ms (cache revalidated)
npm http fetch GET 200 https://registry.npmjs.org/gopd 67ms (cache revalidated)
npm http fetch GET 200 https://registry.npmjs.org/has-property-descriptors 68ms (cache revalidated)
npm http fetch GET 200 https://registry.npmjs.org/requires-port 67ms (cache revalidated)
npm http fetch GET 200 https://registry.npmjs.org/querystringify 71ms (cache revalidated)
npm http fetch GET 200 https://registry.npmjs.org/widest-line 67ms (cache revalidated)
npm http fetch GET 200 https://registry.npmjs.org/dot-prop 69ms (cache revalidated)
npm http fetch GET 200 https://registry.npmjs.org/write-file-atomic 76ms (cache revalidated)
npm http fetch GET 200 https://registry.npmjs.org/cli-boxes 88ms (cache revalidated)
npm http fetch GET 200 https://registry.npmjs.org/ansi-align 88ms (cache revalidated)
npm http fetch GET 200 https://registry.npmjs.org/escape-goat 79ms (cache revalidated)
npm http fetch GET 200 https://registry.npmjs.org/package-json 81ms (cache revalidated)
npm http fetch GET 200 https://registry.npmjs.org/unique-string 93ms (cache revalidated)
npm http fetch GET 200 https://registry.npmjs.org/eastasianwidth 52ms (cache revalidated)
npm http fetch GET 200 https://registry.npmjs.org/is-obj 63ms (cache revalidated)
npm http fetch GET 200 https://registry.npmjs.org/imurmurhash 62ms (cache revalidated)
npm http fetch GET 200 https://registry.npmjs.org/typedarray-to-buffer 66ms (cache revalidated)
npm http fetch GET 200 https://registry.npmjs.org/crypto-random-string 69ms (cache revalidated)
npm http fetch GET 200 https://registry.npmjs.org/got 49ms (cache revalidated)
npm http fetch GET 200 https://registry.npmjs.org/registry-url 62ms (cache revalidated)
npm http fetch GET 200 https://registry.npmjs.org/registry-auth-token 62ms (cache revalidated)
npm http fetch GET 200 https://registry.npmjs.org/cacheable-request 70ms (cache revalidated)
npm http fetch GET 200 https://registry.npmjs.org/cacheable-lookup 78ms (cache revalidated)
npm http fetch GET 200 https://registry.npmjs.org/p-cancelable 85ms (cache revalidated)
npm http fetch GET 200 https://registry.npmjs.org/lowercase-keys 84ms (cache revalidated)
npm http fetch GET 200 https://registry.npmjs.org/decompress-response 93ms (cache revalidated)
npm http fetch GET 200 https://registry.npmjs.org/form-data-encoder 103ms (cache revalidated)
npm http fetch GET 200 https://registry.npmjs.org/http2-wrapper 110ms (cache revalidated)
npm http fetch GET 200 https://registry.npmjs.org/responselike 115ms (cache revalidated)
npm http fetch GET 200 https://registry.npmjs.org/@szmarczak%2fhttp-timer 116ms (cache revalidated)
npm http fetch GET 200 https://registry.npmjs.org/@sindresorhus%2fis 122ms (cache revalidated)
npm http fetch GET 200 https://registry.npmjs.org/@pnpm%2fnpm-conf 127ms (cache revalidated)
npm http fetch GET 200 https://registry.npmjs.org/rc 96ms (cache revalidated)
npm http fetch GET 200 https://registry.npmjs.org/keyv 54ms (cache revalidated)
npm http fetch GET 200 https://registry.npmjs.org/defer-to-connect 63ms (cache revalidated)
npm http fetch GET 200 https://registry.npmjs.org/http-cache-semantics 73ms (cache revalidated)
npm http fetch GET 200 https://registry.npmjs.org/resolve-alpn 70ms (cache revalidated)
npm http fetch GET 200 https://registry.npmjs.org/mimic-response 79ms (cache revalidated)
npm http fetch GET 200 https://registry.npmjs.org/mimic-response 79ms (cache revalidated)
npm http fetch GET 200 https://registry.npmjs.org/quick-lru 79ms (cache revalidated)
npm http fetch GET 200 https://registry.npmjs.org/normalize-url 85ms (cache revalidated)
npm http fetch GET 200 https://registry.npmjs.org/@types%2fhttp-cache-semantics 1273ms (cache revalidated)
npm http fetch GET 200 https://registry.npmjs.org/json-buffer 63ms (cache revalidated)
npm http fetch GET 200 https://registry.npmjs.org/config-chain 56ms (cache revalidated)
npm http fetch GET 200 https://registry.npmjs.org/@pnpm%2fnetwork.ca-file 91ms (cache revalidated)
npm http fetch GET 200 https://registry.npmjs.org/@pnpm%2fconfig.env-replace 98ms (cache revalidated)
npm http fetch GET 200 https://registry.npmjs.org/proto-list 74ms (cache revalidated)
npm http fetch GET 200 https://registry.npmjs.org/deep-extend 60ms (cache revalidated)
npm http fetch GET 200 https://registry.npmjs.org/pend 45ms (cache revalidated)
npm http fetch GET 200 https://registry.npmjs.org/crc32-stream 60ms (cache revalidated)
npm http fetch GET 200 https://registry.npmjs.org/crc-32 314ms (cache revalidated)
npm http fetch GET 200 https://registry.npmjs.org/buffer-alloc-unsafe 70ms (cache revalidated)
npm http fetch GET 200 https://registry.npmjs.org/buffer-fill 71ms (cache revalidated)
npm http fetch GET 200 https://registry.npmjs.org/p-try 68ms (cache revalidated)
npm verb reify failed optional dependency C:\Users\danid\Desktop\AutomacaoWeb\tmpBstackPackages\node_modules\fsevents
npm http fetch POST 200 https://registry.npmjs.org/-/npm/v1/security/advisories/bulk 1039ms
npm WARN deprecated inflight@1.0.6: This module is not supported, and leaks memory. Do not use it. Check out lru-cache if you want a good and tested way to coalesce async requests by a key value, which is much more comprehensive and powerful.
npm WARN deprecated rimraf@2.5.4: Rimraf versions prior to v4 are no longer supported
npm WARN deprecated har-validator@5.1.5: this library is no longer supported
npm WARN deprecated glob@7.2.3: Glob versions prior to v9 are no longer supported
npm WARN deprecated glob@8.1.0: Glob versions prior to v9 are no longer supported
npm WARN deprecated uuid@3.4.0: Please upgrade  to version 7 or higher.  Older versions may use Math.random() in certain circumstances, which is known to be problematic.  See https://v8.dev/blog/math-random for details.
npm WARN deprecated request@2.88.2: request has been deprecated, see https://github.com/request/request/issues/3142
npm info run cypress@13.13.2 postinstall node_modules/cypress node index.js --exec install
npm info run cypress@13.13.2 postinstall { code: 0, signal: null }

added 501 packages, and audited 502 packages in 25s

96 packages are looking for funding
  run `npm fund` for details

3 moderate severity vulnerabilities

To address all issues (including breaking changes), run:
  npm audit fix --force

Run `npm audit` for details.
npm verb exit 0
npm info ok 
